2025-10-04 11:39:55,386 - INFO - Anonymized telemetry enabled. See                     https://docs.trychroma.com/telemetry for more information.
2025-10-04 11:39:55,651 - WARNING - File ed643e26-b212-4ee5-9702-3d004336db43 failed decryption: . Marking document 14b71daa-776b-4457-8058-828e3184c6f9 for deletion.
2025-10-04 11:39:55,651 - WARNING - File ed643e26-b212-4ee5-9702-3d004336db43 failed decryption: . Marking document 7d6f6c3d-4560-47e8-815b-3631b8b022d1 for deletion.
2025-10-04 11:39:55,651 - WARNING - File ed643e26-b212-4ee5-9702-3d004336db43 failed decryption: . Marking document abe344fc-3d8c-4f33-9244-256ad7c0e693 for deletion.
2025-10-04 11:39:55,658 - WARNING - File ed643e26-b212-4ee5-9702-3d004336db43 failed decryption: . Marking document e1494f4a-fedc-4a34-a05b-2f00e214ec0b for deletion.
2025-10-04 11:39:55,660 - WARNING - File ed643e26-b212-4ee5-9702-3d004336db43 failed decryption: . Marking document 9e17e912-bc56-4026-a9b4-9af9b8027166 for deletion.
2025-10-04 11:39:55,662 - WARNING - File ed643e26-b212-4ee5-9702-3d004336db43 failed decryption: . Marking document 0e51916c-647f-438d-b9b7-19ec2330d7a7 for deletion.
2025-10-04 11:39:55,663 - WARNING - File ed643e26-b212-4ee5-9702-3d004336db43 failed decryption: . Marking document 5d77a9d6-c3da-40ca-80b0-71c990b9322f for deletion.
2025-10-04 11:39:55,665 - WARNING - File ed643e26-b212-4ee5-9702-3d004336db43 failed decryption: . Marking document 2138d1cc-fd8d-4999-8274-f8c891ce8663 for deletion.
2025-10-04 11:39:55,666 - WARNING - File ed643e26-b212-4ee5-9702-3d004336db43 failed decryption: . Marking document c63580f2-fd48-4b23-94ac-777863e2ccf6 for deletion.
2025-10-04 11:39:55,667 - WARNING - File ed643e26-b212-4ee5-9702-3d004336db43 failed decryption: . Marking document 1b53ebbd-9c68-4321-af94-f24bd40600d4 for deletion.
2025-10-04 11:39:55,669 - WARNING - File ed643e26-b212-4ee5-9702-3d004336db43 failed decryption: . Marking document 9c78f7b2-6780-488b-8ab5-918623e66f56 for deletion.
2025-10-04 11:39:55,670 - WARNING - File ed643e26-b212-4ee5-9702-3d004336db43 failed decryption: . Marking document 57368afd-b2c9-45a9-b48f-f1998cab719f for deletion.
2025-10-04 11:39:55,671 - WARNING - File ed643e26-b212-4ee5-9702-3d004336db43 failed decryption: . Marking document ec2e1f53-2e13-4738-9db6-ae8260810c00 for deletion.
2025-10-04 11:39:55,673 - WARNING - File ed643e26-b212-4ee5-9702-3d004336db43 failed decryption: . Marking document 9b5a0cc5-f672-43cc-8cd4-8fcd496bd3ac for deletion.
2025-10-04 11:39:55,675 - WARNING - File ed643e26-b212-4ee5-9702-3d004336db43 failed decryption: . Marking document a9fccb37-e569-4a1e-982d-708995d40201 for deletion.
2025-10-04 11:39:55,675 - WARNING - File ed643e26-b212-4ee5-9702-3d004336db43 failed decryption: . Marking document 059beae4-9037-4c66-b14d-a818beccae73 for deletion.
2025-10-04 11:39:55,678 - WARNING - File ed643e26-b212-4ee5-9702-3d004336db43 failed decryption: . Marking document 981e840d-c1b0-42ac-8534-b213b8e9dceb for deletion.
2025-10-04 11:39:55,679 - WARNING - File ed643e26-b212-4ee5-9702-3d004336db43 failed decryption: . Marking document 176ab777-d1b4-40bd-a544-1977b27a0bfd for deletion.
2025-10-04 11:39:55,680 - WARNING - File ed643e26-b212-4ee5-9702-3d004336db43 failed decryption: . Marking document 643b9600-b4b1-40ca-a950-eb13d91d2987 for deletion.
2025-10-04 11:39:55,681 - WARNING - File ed643e26-b212-4ee5-9702-3d004336db43 failed decryption: . Marking document 54e78d83-e07b-4316-9cfc-3ece9b4e0e3d for deletion.
2025-10-04 11:39:55,683 - WARNING - File ed643e26-b212-4ee5-9702-3d004336db43 failed decryption: . Marking document b4e6312b-2bb0-4907-9d7a-fdc6cb2f708b for deletion.
2025-10-04 11:39:55,693 - WARNING - File 2f0a0390-89db-4276-99ed-0e27b0f513d2 failed decryption: . Marking document 2f0a0390-89db-4276-99ed-0e27b0f513d2_page_1 for deletion.
2025-10-04 11:39:55,699 - WARNING - File 2f0a0390-89db-4276-99ed-0e27b0f513d2 failed decryption: . Marking document 2f0a0390-89db-4276-99ed-0e27b0f513d2_page_5 for deletion.
2025-10-04 11:39:55,701 - WARNING - File 2f0a0390-89db-4276-99ed-0e27b0f513d2 failed decryption: . Marking document 2f0a0390-89db-4276-99ed-0e27b0f513d2_page_11 for deletion.
2025-10-04 11:39:55,701 - WARNING - File 2f0a0390-89db-4276-99ed-0e27b0f513d2 failed decryption: . Marking document 2f0a0390-89db-4276-99ed-0e27b0f513d2_page_15 for deletion.
2025-10-04 11:39:55,701 - WARNING - File 2f0a0390-89db-4276-99ed-0e27b0f513d2 failed decryption: . Marking document 2f0a0390-89db-4276-99ed-0e27b0f513d2_page_19 for deletion.
2025-10-04 11:39:55,701 - WARNING - File 5ea73597-414c-401b-b768-631e46ab1a27 failed decryption: . Marking document b0427127-2f1b-403b-b84b-5984a5b5b7af for deletion.
2025-10-04 11:39:55,701 - WARNING - File 5ea73597-414c-401b-b768-631e46ab1a27 failed decryption: . Marking document 123bca8a-d6a4-4415-b09d-11797ffa885a for deletion.
2025-10-04 11:39:55,708 - WARNING - File 5ea73597-414c-401b-b768-631e46ab1a27 failed decryption: . Marking document 05cc2a41-a711-4508-ba3d-efbf3e7712bb for deletion.
2025-10-04 11:39:55,709 - WARNING - File 5ea73597-414c-401b-b768-631e46ab1a27 failed decryption: . Marking document 4dfd0234-3d9c-4640-ab01-cc873aa570c8 for deletion.
2025-10-04 11:39:55,709 - WARNING - File 5ea73597-414c-401b-b768-631e46ab1a27 failed decryption: . Marking document dcc223d6-8773-4ba4-9b5c-12cdc7b0f9bb for deletion.
2025-10-04 11:39:55,709 - WARNING - File 5ea73597-414c-401b-b768-631e46ab1a27 failed decryption: . Marking document 091bc565-c460-4b12-9aee-77a0474eec32 for deletion.
2025-10-04 11:39:55,709 - WARNING - File 5ea73597-414c-401b-b768-631e46ab1a27 failed decryption: . Marking document 61aca34c-23cf-4feb-8caa-979f30372da9 for deletion.
2025-10-04 11:39:55,715 - WARNING - File 5ea73597-414c-401b-b768-631e46ab1a27 failed decryption: . Marking document 03d30397-2f46-45c1-bb21-301e5a088706 for deletion.
2025-10-04 11:39:55,716 - WARNING - File 5ea73597-414c-401b-b768-631e46ab1a27 failed decryption: . Marking document 75c8b047-6f0b-42b5-964c-4f2022003a5f for deletion.
2025-10-04 11:39:55,717 - WARNING - File 5ea73597-414c-401b-b768-631e46ab1a27 failed decryption: . Marking document 9475c94a-19bf-4826-b1e2-87083a3a5aa3 for deletion.
2025-10-04 11:39:55,717 - WARNING - File 5ea73597-414c-401b-b768-631e46ab1a27 failed decryption: . Marking document 3c091c83-9dac-44c5-ba3a-568562e5900c for deletion.
2025-10-04 11:39:55,717 - WARNING - File 5ea73597-414c-401b-b768-631e46ab1a27 failed decryption: . Marking document 8f450bd3-1237-4e7e-97e5-6638c8aefdc7 for deletion.
2025-10-04 11:39:55,717 - WARNING - File 5ea73597-414c-401b-b768-631e46ab1a27 failed decryption: . Marking document 0ceb2bc6-7499-45d0-b569-0b3c47a44a7c for deletion.
2025-10-04 11:39:55,723 - WARNING - File 5ea73597-414c-401b-b768-631e46ab1a27 failed decryption: . Marking document 0f2db498-cda7-4597-b78b-ae547985245c for deletion.
2025-10-04 11:39:55,725 - WARNING - File 5ea73597-414c-401b-b768-631e46ab1a27 failed decryption: . Marking document f8985145-0937-4afd-82b0-169020f33b34 for deletion.
2025-10-04 11:39:55,725 - WARNING - File 5ea73597-414c-401b-b768-631e46ab1a27 failed decryption: . Marking document 545dea99-82d5-4370-ae42-7fc93b6a384e for deletion.
2025-10-04 11:39:55,729 - WARNING - File 5ea73597-414c-401b-b768-631e46ab1a27 failed decryption: . Marking document 3d6ba1c1-dae1-426f-b634-945987b18eff for deletion.
2025-10-04 11:39:55,731 - WARNING - File 5ea73597-414c-401b-b768-631e46ab1a27 failed decryption: . Marking document d5a4fd3f-560c-4e81-930c-c9f96f63c0b9 for deletion.
2025-10-04 11:39:55,733 - WARNING - File 5ea73597-414c-401b-b768-631e46ab1a27 failed decryption: . Marking document 45c465e8-f7b6-4a4d-a24f-98ce6089e6fb for deletion.
2025-10-04 11:39:55,735 - WARNING - File 5ea73597-414c-401b-b768-631e46ab1a27 failed decryption: . Marking document ad8eb9ec-5b2f-4e72-8a60-7c99fcbd6e35 for deletion.
2025-10-04 11:39:55,736 - WARNING - File 5ea73597-414c-401b-b768-631e46ab1a27 failed decryption: . Marking document 9e8f95c0-d88c-4fd0-a277-a878b3d87d02 for deletion.
2025-10-04 11:39:55,739 - WARNING - File 882c6890-facb-4fa1-bc90-0f0f14d8a943 failed decryption: . Marking document 37517e7d-74ae-464f-af39-b60c1cc9431b for deletion.
2025-10-04 11:39:55,741 - WARNING - File 882c6890-facb-4fa1-bc90-0f0f14d8a943 failed decryption: . Marking document 08b37b88-e057-4ad2-91e4-7707177b3d8b for deletion.
2025-10-04 11:39:55,743 - WARNING - File 882c6890-facb-4fa1-bc90-0f0f14d8a943 failed decryption: . Marking document 86677ee8-f598-44e2-b467-bb0d1f28aca4 for deletion.
2025-10-04 11:39:55,745 - WARNING - File 882c6890-facb-4fa1-bc90-0f0f14d8a943 failed decryption: . Marking document 9265d26f-7b61-438c-a964-0e9f4520db9e for deletion.
2025-10-04 11:39:55,745 - WARNING - File 882c6890-facb-4fa1-bc90-0f0f14d8a943 failed decryption: . Marking document c9597e68-2a93-4f3e-98c1-fd59cd7d4bbb for deletion.
2025-10-04 11:39:55,749 - WARNING - File 882c6890-facb-4fa1-bc90-0f0f14d8a943 failed decryption: . Marking document c96f687d-312f-4e85-8383-62a88cceb553 for deletion.
2025-10-04 11:39:55,749 - WARNING - File 882c6890-facb-4fa1-bc90-0f0f14d8a943 failed decryption: . Marking document 2d0546b4-0d96-4fe5-ae94-df138fb5193e for deletion.
2025-10-04 11:39:55,749 - WARNING - File 882c6890-facb-4fa1-bc90-0f0f14d8a943 failed decryption: . Marking document 6ef04d43-7123-4e9f-99de-1ba2c80839ff for deletion.
2025-10-04 11:39:55,755 - WARNING - File 882c6890-facb-4fa1-bc90-0f0f14d8a943 failed decryption: . Marking document d396d955-3ca0-44b3-9723-c20406819c3f for deletion.
2025-10-04 11:39:55,757 - WARNING - File 882c6890-facb-4fa1-bc90-0f0f14d8a943 failed decryption: . Marking document 4e03a388-5350-4bcd-8024-49d354a7b8d5 for deletion.
2025-10-04 11:39:55,757 - WARNING - File 882c6890-facb-4fa1-bc90-0f0f14d8a943 failed decryption: . Marking document 3850387a-86fc-45f9-91cb-780799b92d83 for deletion.
2025-10-04 11:39:55,760 - WARNING - File 882c6890-facb-4fa1-bc90-0f0f14d8a943 failed decryption: . Marking document 6f44f68f-1eae-46b8-890f-fd09876f9f79 for deletion.
2025-10-04 11:39:55,761 - WARNING - File 882c6890-facb-4fa1-bc90-0f0f14d8a943 failed decryption: . Marking document bee8b3ff-686f-4caf-b966-4690e27cbe6f for deletion.
2025-10-04 11:39:55,763 - WARNING - File 882c6890-facb-4fa1-bc90-0f0f14d8a943 failed decryption: . Marking document f6b93a74-e69b-4fa7-97bf-8970227bf968 for deletion.
2025-10-04 11:39:55,763 - WARNING - File 882c6890-facb-4fa1-bc90-0f0f14d8a943 failed decryption: . Marking document 2774cc92-9161-456e-b670-d71ff6aac9b0 for deletion.
2025-10-04 11:39:55,767 - WARNING - File 882c6890-facb-4fa1-bc90-0f0f14d8a943 failed decryption: . Marking document b1870343-cafd-4d7f-bf08-1be2cd076f43 for deletion.
2025-10-04 11:39:55,767 - WARNING - File 882c6890-facb-4fa1-bc90-0f0f14d8a943 failed decryption: . Marking document 8732f140-aefc-418a-b67d-3c47cfa34589 for deletion.
2025-10-04 11:39:55,770 - WARNING - File 882c6890-facb-4fa1-bc90-0f0f14d8a943 failed decryption: . Marking document e084bcb7-0497-43c9-9999-68c4e3fff51e for deletion.
2025-10-04 11:39:55,771 - WARNING - File 882c6890-facb-4fa1-bc90-0f0f14d8a943 failed decryption: . Marking document d55f4d93-4dc2-4836-abc3-2a5560388375 for deletion.
2025-10-04 11:39:55,773 - WARNING - File 882c6890-facb-4fa1-bc90-0f0f14d8a943 failed decryption: . Marking document 20266ad7-52a2-433e-93e1-930a806e794c for deletion.
2025-10-04 11:39:55,775 - WARNING - File 882c6890-facb-4fa1-bc90-0f0f14d8a943 failed decryption: . Marking document 6be4d5c4-aa9d-4e32-bdd9-a58a8ada5dee for deletion.
2025-10-04 11:39:55,777 - WARNING - File 0fd8634c-2f3f-4685-a78f-b79c3a1fe82a failed decryption: . Marking document 0e82ec61-3da7-4ae1-92c2-6280cfc0a171 for deletion.
2025-10-04 11:39:55,779 - WARNING - File 0fd8634c-2f3f-4685-a78f-b79c3a1fe82a failed decryption: . Marking document 19c47c7c-ef8a-422f-a786-c6d9e9ee0fcf for deletion.
2025-10-04 11:39:55,781 - WARNING - File 0fd8634c-2f3f-4685-a78f-b79c3a1fe82a failed decryption: . Marking document 0e7f39ef-145f-4bbc-8239-81bb1c2be54a for deletion.
2025-10-04 11:39:55,781 - WARNING - File 0fd8634c-2f3f-4685-a78f-b79c3a1fe82a failed decryption: . Marking document c91f7cb6-d996-4e95-ae42-e2dde1f33f05 for deletion.
2025-10-04 11:39:55,781 - WARNING - File 0fd8634c-2f3f-4685-a78f-b79c3a1fe82a failed decryption: . Marking document 4678fd6e-80f0-4bf6-89b7-d2c8dc7c4c22 for deletion.
2025-10-04 11:39:55,788 - WARNING - File 0fd8634c-2f3f-4685-a78f-b79c3a1fe82a failed decryption: . Marking document c555b29c-3c01-45a7-b937-bab2d81f3cd3 for deletion.
2025-10-04 11:39:55,790 - WARNING - File 0fd8634c-2f3f-4685-a78f-b79c3a1fe82a failed decryption: . Marking document 2022293f-a60c-45e0-9fec-ba4ad28bec3b for deletion.
2025-10-04 11:39:55,792 - WARNING - File 0fd8634c-2f3f-4685-a78f-b79c3a1fe82a failed decryption: . Marking document c377eab6-a4ab-4e08-9489-4ccd27c9381c for deletion.
2025-10-04 11:39:55,794 - WARNING - File 0fd8634c-2f3f-4685-a78f-b79c3a1fe82a failed decryption: . Marking document 05d34f76-8903-4b35-bec6-e8ab084b72e4 for deletion.
2025-10-04 11:39:55,795 - WARNING - File 0fd8634c-2f3f-4685-a78f-b79c3a1fe82a failed decryption: . Marking document 7ec26534-c63a-41ab-9a56-f9bcf45c5d9d for deletion.
2025-10-04 11:39:55,796 - WARNING - File 0fd8634c-2f3f-4685-a78f-b79c3a1fe82a failed decryption: . Marking document 58011fd6-c73f-47c4-83bc-6d1a20468d48 for deletion.
2025-10-04 11:39:55,796 - WARNING - File 0fd8634c-2f3f-4685-a78f-b79c3a1fe82a failed decryption: . Marking document 3a8d53ff-91e9-48ea-9927-949e276e026f for deletion.
2025-10-04 11:39:55,802 - WARNING - File 0fd8634c-2f3f-4685-a78f-b79c3a1fe82a failed decryption: . Marking document 3e396289-19b0-473d-ad83-3ce7bfa25c2f for deletion.
2025-10-04 11:39:55,803 - WARNING - File 0fd8634c-2f3f-4685-a78f-b79c3a1fe82a failed decryption: . Marking document b2350761-0bd8-481b-b0b7-48029e385d43 for deletion.
2025-10-04 11:39:55,806 - WARNING - File 0fd8634c-2f3f-4685-a78f-b79c3a1fe82a failed decryption: . Marking document fc35f225-48f3-4bec-967e-f1e199415d22 for deletion.
2025-10-04 11:39:55,809 - WARNING - File 0fd8634c-2f3f-4685-a78f-b79c3a1fe82a failed decryption: . Marking document df6d715f-3190-4a5c-919d-e5909fcc895c for deletion.
2025-10-04 11:39:55,811 - WARNING - File 0fd8634c-2f3f-4685-a78f-b79c3a1fe82a failed decryption: . Marking document 220e1342-77c4-4f78-9367-24784d3d77b2 for deletion.
2025-10-04 11:39:55,815 - WARNING - File 0fd8634c-2f3f-4685-a78f-b79c3a1fe82a failed decryption: . Marking document 6af3db60-1f66-49a1-92f0-6fa3c4f54e87 for deletion.
2025-10-04 11:39:55,815 - WARNING - File 0fd8634c-2f3f-4685-a78f-b79c3a1fe82a failed decryption: . Marking document 74ac71d8-dac4-42b9-a61e-c20a5875cdf1 for deletion.
2025-10-04 11:39:55,815 - WARNING - File 0fd8634c-2f3f-4685-a78f-b79c3a1fe82a failed decryption: . Marking document 15d8b407-590a-4eac-9cf2-f62c30b65695 for deletion.
2025-10-04 11:39:55,819 - WARNING - File 0fd8634c-2f3f-4685-a78f-b79c3a1fe82a failed decryption: . Marking document 488b6148-7c9d-4dd4-9fbe-6de1e1377be6 for deletion.
2025-10-04 11:39:56,031 - INFO - Deleted 89 invalid documents from vector store: ['14b71daa-776b-4457-8058-828e3184c6f9', '7d6f6c3d-4560-47e8-815b-3631b8b022d1', 'abe344fc-3d8c-4f33-9244-256ad7c0e693', 'e1494f4a-fedc-4a34-a05b-2f00e214ec0b', '9e17e912-bc56-4026-a9b4-9af9b8027166', '0e51916c-647f-438d-b9b7-19ec2330d7a7', '5d77a9d6-c3da-40ca-80b0-71c990b9322f', '2138d1cc-fd8d-4999-8274-f8c891ce8663', 'c63580f2-fd48-4b23-94ac-777863e2ccf6', '1b53ebbd-9c68-4321-af94-f24bd40600d4', '9c78f7b2-6780-488b-8ab5-918623e66f56', '57368afd-b2c9-45a9-b48f-f1998cab719f', 'ec2e1f53-2e13-4738-9db6-ae8260810c00', '9b5a0cc5-f672-43cc-8cd4-8fcd496bd3ac', 'a9fccb37-e569-4a1e-982d-708995d40201', '059beae4-9037-4c66-b14d-a818beccae73', '981e840d-c1b0-42ac-8534-b213b8e9dceb', '176ab777-d1b4-40bd-a544-1977b27a0bfd', '643b9600-b4b1-40ca-a950-eb13d91d2987', '54e78d83-e07b-4316-9cfc-3ece9b4e0e3d', 'b4e6312b-2bb0-4907-9d7a-fdc6cb2f708b', '2f0a0390-89db-4276-99ed-0e27b0f513d2_page_1', '2f0a0390-89db-4276-99ed-0e27b0f513d2_page_5', '2f0a0390-89db-4276-99ed-0e27b0f513d2_page_11', '2f0a0390-89db-4276-99ed-0e27b0f513d2_page_15', '2f0a0390-89db-4276-99ed-0e27b0f513d2_page_19', 'b0427127-2f1b-403b-b84b-5984a5b5b7af', '123bca8a-d6a4-4415-b09d-11797ffa885a', '05cc2a41-a711-4508-ba3d-efbf3e7712bb', '4dfd0234-3d9c-4640-ab01-cc873aa570c8', 'dcc223d6-8773-4ba4-9b5c-12cdc7b0f9bb', '091bc565-c460-4b12-9aee-77a0474eec32', '61aca34c-23cf-4feb-8caa-979f30372da9', '03d30397-2f46-45c1-bb21-301e5a088706', '75c8b047-6f0b-42b5-964c-4f2022003a5f', '9475c94a-19bf-4826-b1e2-87083a3a5aa3', '3c091c83-9dac-44c5-ba3a-568562e5900c', '8f450bd3-1237-4e7e-97e5-6638c8aefdc7', '0ceb2bc6-7499-45d0-b569-0b3c47a44a7c', '0f2db498-cda7-4597-b78b-ae547985245c', 'f8985145-0937-4afd-82b0-169020f33b34', '545dea99-82d5-4370-ae42-7fc93b6a384e', '3d6ba1c1-dae1-426f-b634-945987b18eff', 'd5a4fd3f-560c-4e81-930c-c9f96f63c0b9', '45c465e8-f7b6-4a4d-a24f-98ce6089e6fb', 'ad8eb9ec-5b2f-4e72-8a60-7c99fcbd6e35', '9e8f95c0-d88c-4fd0-a277-a878b3d87d02', '37517e7d-74ae-464f-af39-b60c1cc9431b', '08b37b88-e057-4ad2-91e4-7707177b3d8b', '86677ee8-f598-44e2-b467-bb0d1f28aca4', '9265d26f-7b61-438c-a964-0e9f4520db9e', 'c9597e68-2a93-4f3e-98c1-fd59cd7d4bbb', 'c96f687d-312f-4e85-8383-62a88cceb553', '2d0546b4-0d96-4fe5-ae94-df138fb5193e', '6ef04d43-7123-4e9f-99de-1ba2c80839ff', 'd396d955-3ca0-44b3-9723-c20406819c3f', '4e03a388-5350-4bcd-8024-49d354a7b8d5', '3850387a-86fc-45f9-91cb-780799b92d83', '6f44f68f-1eae-46b8-890f-fd09876f9f79', 'bee8b3ff-686f-4caf-b966-4690e27cbe6f', 'f6b93a74-e69b-4fa7-97bf-8970227bf968', '2774cc92-9161-456e-b670-d71ff6aac9b0', 'b1870343-cafd-4d7f-bf08-1be2cd076f43', '8732f140-aefc-418a-b67d-3c47cfa34589', 'e084bcb7-0497-43c9-9999-68c4e3fff51e', 'd55f4d93-4dc2-4836-abc3-2a5560388375', '20266ad7-52a2-433e-93e1-930a806e794c', '6be4d5c4-aa9d-4e32-bdd9-a58a8ada5dee', '0e82ec61-3da7-4ae1-92c2-6280cfc0a171', '19c47c7c-ef8a-422f-a786-c6d9e9ee0fcf', '0e7f39ef-145f-4bbc-8239-81bb1c2be54a', 'c91f7cb6-d996-4e95-ae42-e2dde1f33f05', '4678fd6e-80f0-4bf6-89b7-d2c8dc7c4c22', 'c555b29c-3c01-45a7-b937-bab2d81f3cd3', '2022293f-a60c-45e0-9fec-ba4ad28bec3b', 'c377eab6-a4ab-4e08-9489-4ccd27c9381c', '05d34f76-8903-4b35-bec6-e8ab084b72e4', '7ec26534-c63a-41ab-9a56-f9bcf45c5d9d', '58011fd6-c73f-47c4-83bc-6d1a20468d48', '3a8d53ff-91e9-48ea-9927-949e276e026f', '3e396289-19b0-473d-ad83-3ce7bfa25c2f', 'b2350761-0bd8-481b-b0b7-48029e385d43', 'fc35f225-48f3-4bec-967e-f1e199415d22', 'df6d715f-3190-4a5c-919d-e5909fcc895c', '220e1342-77c4-4f78-9367-24784d3d77b2', '6af3db60-1f66-49a1-92f0-6fa3c4f54e87', '74ac71d8-dac4-42b9-a61e-c20a5875cdf1', '15d8b407-590a-4eac-9cf2-f62c30b65695', '488b6148-7c9d-4dd4-9fbe-6de1e1377be6']
